nohup: ignoring input

=== Running n=2000, ndat=5000, run=1, shift=0.0 ===
 Worker            6  exiting...
 Worker            4  exiting...
 Worker            1  exiting...
 Worker            3  exiting...
 Worker            7  exiting...
 Worker            2  exiting...
 Manager exiting...
 wtime=   4485.99816404999      (s)
 Worker            5  exiting...
Saved to eigs_n2000_ndat5000_shift0.0_run1.txt

=== Running n=2000, ndat=5000, run=2, shift=0.0 ===
 Worker            5  exiting...
 Worker            6  exiting...
 Worker            7  exiting...
 Worker            4  exiting...
 Worker            1  exiting...
 Worker            2  exiting...
 Manager exiting...
 wtime=   4207.64860818014      (s)
 Worker            3  exiting...
Saved to eigs_n2000_ndat5000_shift0.0_run2.txt

=== Running n=2000, ndat=5000, run=3, shift=0.0 ===
 Worker            7  exiting...
 Worker            1  exiting...
 Worker            2  exiting...
 Worker            5  exiting...
 Worker            4  exiting...
 Worker            6  exiting...
 Manager exiting...
 wtime=   4304.41435054550      (s)
 Worker            3  exiting...
Saved to eigs_n2000_ndat5000_shift0.0_run3.txt

=== Running n=2000, ndat=5000, run=4, shift=0.0 ===
 Worker            4  exiting...
 Worker            3  exiting...
 Worker            2  exiting...
 Worker            7  exiting...
 Worker            1  exiting...
 Worker            6  exiting...
 Manager exiting...
 wtime=   4491.70692555347      (s)
 Worker            5  exiting...
Saved to eigs_n2000_ndat5000_shift0.0_run4.txt

All done!
